<?xml version="1.0" encoding="UTF-8"?>
<testsuite xmlns:xsi="http://www.w3.org/2001/XMLSchema-instance" xsi:noNamespaceSchemaLocation="https://maven.apache.org/surefire/maven-surefire-plugin/xsd/surefire-test-report-3.0.xsd" version="3.0" name="com.boldbit.bitharvester.BitharvesterApplicationTests" time="8.362" tests="1" errors="0" skipped="0" failures="0">
  <properties>
[...]
</properties>
  <testcase name="contextLoads" classname="com.boldbit.bitharvester.BitharvesterApplicationTests" time="1.612">
    <system-out><![CDATA[16:51:51.059 [main] INFO org.springframework.test.context.support.AnnotationConfigContextLoaderUtils -- Could not detect default configuration classes for test class [com.boldbit.bitharvester.BitharvesterApplicationTests]: BitharvesterApplicationTests does not declare any static, non-private, non-final, nested classes annotated with @Configuration.
16:51:51.239 [main] INFO org.springframework.boot.test.context.SpringBootTestContextBootstrapper -- Found @SpringBootConfiguration com.boldbit.bitharvester.BitharvesterApplication for test class com.boldbit.bitharvester.BitharvesterApplicationTests
16:51:51.619 [main] INFO org.springframework.boot.devtools.restart.RestartApplicationListener -- Restart disabled due to context in which it is running

  .   ____          _            __ _ _
 /\\ / ___'_ __ _ _(_)_ __  __ _ \ \ \ \
( ( )\___ | '_ | '_| | '_ \/ _` | \ \ \ \
 \\/  ___)| |_)| | | | | || (_| |  ) ) ) )
  '  |____| .__|_| |_|_| |_\__, | / / / /
 =========|_|==============|___/=/_/_/_/
 :: Spring Boot ::                (v3.2.1)

2024-02-15T16:51:52.189+05:30  INFO 46546 --- [           main] c.b.b.BitharvesterApplicationTests       : Starting BitharvesterApplicationTests using Java 21.0.1 with PID 46546 (started by cavisson in /Users/cavisson/Documents/Projects/bitharvester/bitharvester_backend/bitharvester)
2024-02-15T16:51:52.191+05:30  INFO 46546 --- [           main] c.b.b.BitharvesterApplicationTests       : No active profile set, falling back to 1 default profile: "default"
2024-02-15T16:51:54.338+05:30  INFO 46546 --- [           main] .s.d.r.c.RepositoryConfigurationDelegate : Bootstrapping Spring Data MongoDB repositories in DEFAULT mode.
2024-02-15T16:51:54.471+05:30  INFO 46546 --- [           main] .s.d.r.c.RepositoryConfigurationDelegate : Finished Spring Data repository scanning in 110 ms. Found 1 MongoDB repository interface.
2024-02-15T16:51:55.175+05:30  INFO 46546 --- [crd.mongodb.net] org.mongodb.driver.cluster               : Adding discovered server ac-q0uepfs-shard-00-01.4lbfcrd.mongodb.net:27017 to client view of cluster
2024-02-15T16:51:55.207+05:30  INFO 46546 --- [           main] org.mongodb.driver.client                : MongoClient with metadata {"driver": {"name": "mongo-java-driver|sync|spring-boot", "version": "4.11.1"}, "os": {"type": "Darwin", "name": "Mac OS X", "architecture": "x86_64", "version": "12.6.5"}, "platform": "Java/Homebrew/21.0.1"} created with settings MongoClientSettings{readPreference=primary, writeConcern=WriteConcern{w=majority, wTimeout=null ms, journal=null}, retryWrites=true, retryReads=true, readConcern=ReadConcern{level=null}, credential=MongoCredential{mechanism=null, userName='vemoge8230', source='admin', password=<hidden>, mechanismProperties=<hidden>}, transportSettings=null, streamFactoryFactory=null, commandListeners=[], codecRegistry=ProvidersCodecRegistry{codecProviders=[ValueCodecProvider{}, BsonValueCodecProvider{}, DBRefCodecProvider{}, DBObjectCodecProvider{}, DocumentCodecProvider{}, CollectionCodecProvider{}, IterableCodecProvider{}, MapCodecProvider{}, GeoJsonCodecProvider{}, GridFSFileCodecProvider{}, Jsr310CodecProvider{}, JsonObjectCodecProvider{}, BsonCodecProvider{}, EnumCodecProvider{}, com.mongodb.client.model.mql.ExpressionCodecProvider@39c96e48, com.mongodb.Jep395RecordCodecProvider@188598ad, com.mongodb.KotlinCodecProvider@40d23c82]}, loggerSettings=LoggerSettings{maxDocumentLength=1000}, clusterSettings={hosts=[127.0.0.1:27017], srvHost=bitmongocluster.4lbfcrd.mongodb.net, srvServiceName=mongodb, mode=MULTIPLE, requiredClusterType=REPLICA_SET, requiredReplicaSetName='atlas-8f1kwu-shard-0', serverSelector='null', clusterListeners='[]', serverSelectionTimeout='30000 ms', localThreshold='15 ms'}, socketSettings=SocketSettings{connectTimeoutMS=10000, readTimeoutMS=0, receiveBufferSize=0, proxySettings=ProxySettings{host=null, port=null, username=null, password=null}}, heartbeatSocketSettings=SocketSettings{connectTimeoutMS=10000, readTimeoutMS=10000, receiveBufferSize=0, proxySettings=ProxySettings{host=null, port=null, username=null, password=null}}, connectionPoolSettings=ConnectionPoolSettings{maxSize=100, minSize=0, maxWaitTimeMS=120000, maxConnectionLifeTimeMS=0, maxConnectionIdleTimeMS=0, maintenanceInitialDelayMS=0, maintenanceFrequencyMS=60000, connectionPoolListeners=[], maxConnecting=2}, serverSettings=ServerSettings{heartbeatFrequencyMS=10000, minHeartbeatFrequencyMS=500, serverListeners='[]', serverMonitorListeners='[]'}, sslSettings=SslSettings{enabled=true, invalidHostNameAllowed=false, context=null}, applicationName='null', compressorList=[], uuidRepresentation=JAVA_LEGACY, serverApi=null, autoEncryptionSettings=null, dnsClient=null, inetAddressResolver=null, contextProvider=null}
2024-02-15T16:51:55.216+05:30  INFO 46546 --- [crd.mongodb.net] org.mongodb.driver.cluster               : Adding discovered server ac-q0uepfs-shard-00-02.4lbfcrd.mongodb.net:27017 to client view of cluster
2024-02-15T16:51:55.227+05:30  INFO 46546 --- [crd.mongodb.net] org.mongodb.driver.cluster               : Adding discovered server ac-q0uepfs-shard-00-00.4lbfcrd.mongodb.net:27017 to client view of cluster
2024-02-15T16:51:55.861+05:30  INFO 46546 --- [           main] org.mongodb.driver.cluster               : No server chosen by WritableServerSelector from cluster description ClusterDescription{type=REPLICA_SET, connectionMode=MULTIPLE, serverDescriptions=[ServerDescription{address=ac-q0uepfs-shard-00-01.4lbfcrd.mongodb.net:27017, type=UNKNOWN, state=CONNECTING}, ServerDescription{address=ac-q0uepfs-shard-00-00.4lbfcrd.mongodb.net:27017, type=UNKNOWN, state=CONNECTING}, ServerDescription{address=ac-q0uepfs-shard-00-02.4lbfcrd.mongodb.net:27017, type=UNKNOWN, state=CONNECTING}]}. Waiting for 30000 ms before timing out
2024-02-15T16:51:56.154+05:30  INFO 46546 --- [ngodb.net:27017] org.mongodb.driver.cluster               : Monitor thread successfully connected to server with description ServerDescription{address=ac-q0uepfs-shard-00-01.4lbfcrd.mongodb.net:27017, type=REPLICA_SET_PRIMARY, state=CONNECTED, ok=true, minWireVersion=0, maxWireVersion=17, maxDocumentSize=16777216, logicalSessionTimeoutMinutes=30, roundTripTimeNanos=537292758, setName='atlas-8f1kwu-shard-0', canonicalAddress=ac-q0uepfs-shard-00-01.4lbfcrd.mongodb.net:27017, hosts=[ac-q0uepfs-shard-00-00.4lbfcrd.mongodb.net:27017, ac-q0uepfs-shard-00-01.4lbfcrd.mongodb.net:27017, ac-q0uepfs-shard-00-02.4lbfcrd.mongodb.net:27017], passives=[], arbiters=[], primary='ac-q0uepfs-shard-00-01.4lbfcrd.mongodb.net:27017', tagSet=TagSet{[Tag{name='availabilityZone', value='aps1-az3'}, Tag{name='diskState', value='READY'}, Tag{name='nodeType', value='ELECTABLE'}, Tag{name='provider', value='AWS'}, Tag{name='region', value='AP_SOUTH_1'}, Tag{name='workloadType', value='OPERATIONAL'}]}, electionId=7fffffff0000000000000011, setVersion=8, topologyVersion=TopologyVersion{processId=65cbaff8ef05fe3f832efdc8, counter=7}, lastWriteDate=Thu Feb 15 16:51:56 IST 2024, lastUpdateTimeNanos=56138838114196}
2024-02-15T16:51:56.157+05:30  INFO 46546 --- [ngodb.net:27017] org.mongodb.driver.cluster               : Monitor thread successfully connected to server with description ServerDescription{address=ac-q0uepfs-shard-00-02.4lbfcrd.mongodb.net:27017, type=REPLICA_SET_SECONDARY, state=CONNECTED, ok=true, minWireVersion=0, maxWireVersion=17, maxDocumentSize=16777216, logicalSessionTimeoutMinutes=30, roundTripTimeNanos=536742077, setName='atlas-8f1kwu-shard-0', canonicalAddress=ac-q0uepfs-shard-00-02.4lbfcrd.mongodb.net:27017, hosts=[ac-q0uepfs-shard-00-00.4lbfcrd.mongodb.net:27017, ac-q0uepfs-shard-00-01.4lbfcrd.mongodb.net:27017, ac-q0uepfs-shard-00-02.4lbfcrd.mongodb.net:27017], passives=[], arbiters=[], primary='ac-q0uepfs-shard-00-01.4lbfcrd.mongodb.net:27017', tagSet=TagSet{[Tag{name='availabilityZone', value='aps1-az2'}, Tag{name='diskState', value='READY'}, Tag{name='nodeType', value='ELECTABLE'}, Tag{name='provider', value='AWS'}, Tag{name='region', value='AP_SOUTH_1'}, Tag{name='workloadType', value='OPERATIONAL'}]}, electionId=null, setVersion=8, topologyVersion=TopologyVersion{processId=65cbdd4e1c2ad0ec87823a46, counter=4}, lastWriteDate=Thu Feb 15 16:51:56 IST 2024, lastUpdateTimeNanos=56138834665899}
2024-02-15T16:51:56.159+05:30  INFO 46546 --- [ngodb.net:27017] org.mongodb.driver.cluster               : Monitor thread successfully connected to server with description ServerDescription{address=ac-q0uepfs-shard-00-00.4lbfcrd.mongodb.net:27017, type=REPLICA_SET_SECONDARY, state=CONNECTED, ok=true, minWireVersion=0, maxWireVersion=17, maxDocumentSize=16777216, logicalSessionTimeoutMinutes=30, roundTripTimeNanos=535114618, setName='atlas-8f1kwu-shard-0', canonicalAddress=ac-q0uepfs-shard-00-00.4lbfcrd.mongodb.net:27017, hosts=[ac-q0uepfs-shard-00-00.4lbfcrd.mongodb.net:27017, ac-q0uepfs-shard-00-01.4lbfcrd.mongodb.net:27017, ac-q0uepfs-shard-00-02.4lbfcrd.mongodb.net:27017], passives=[], arbiters=[], primary='ac-q0uepfs-shard-00-01.4lbfcrd.mongodb.net:27017', tagSet=TagSet{[Tag{name='availabilityZone', value='aps1-az1'}, Tag{name='diskState', value='READY'}, Tag{name='nodeType', value='ELECTABLE'}, Tag{name='provider', value='AWS'}, Tag{name='region', value='AP_SOUTH_1'}, Tag{name='workloadType', value='OPERATIONAL'}]}, electionId=null, setVersion=8, topologyVersion=TopologyVersion{processId=65cbda2c21529ef3661462c9, counter=4}, lastWriteDate=Thu Feb 15 16:51:56 IST 2024, lastUpdateTimeNanos=56138843771811}
2024-02-15T16:51:56.160+05:30  INFO 46546 --- [ngodb.net:27017] org.mongodb.driver.cluster               : Discovered replica set primary ac-q0uepfs-shard-00-01.4lbfcrd.mongodb.net:27017 with max election id 7fffffff0000000000000011 and max set version 8
2024-02-15T16:51:57.480+05:30  INFO 46546 --- [           main] c.b.b.BitharvesterApplicationTests       : Started BitharvesterApplicationTests in 5.886 seconds (process running for 7.607)
]]></system-out>
    <system-err><![CDATA[WARNING: A Java agent has been loaded dynamically (/Users/cavisson/.m2/repository/net/bytebuddy/byte-buddy-agent/1.14.10/byte-buddy-agent-1.14.10.jar)
WARNING: If a serviceability tool is in use, please run with -XX:+EnableDynamicAgentLoading to hide this warning
WARNING: If a serviceability tool is not in use, please run with -Djdk.instrument.traceUsage for more information
WARNING: Dynamic loading of agents will be disallowed by default in a future release
]]></system-err>
  </testcase>
</testsuite>